CRITICAL - 2022-04-12 04:57:21 --> The framework needs the following extension(s) installed and loaded: intl.
#0 C:\xamppp\htdocs\toko-api\system\CodeIgniter.php(219): CodeIgniter\Exceptions\FrameworkException::forMissingExtension('intl')
#1 C:\xamppp\htdocs\toko-api\system\CodeIgniter.php(177): CodeIgniter\CodeIgniter->resolvePlatformExtensions()
#2 C:\xamppp\htdocs\toko-api\system\bootstrap.php(146): CodeIgniter\CodeIgniter->initialize()
#3 C:\xamppp\htdocs\toko-api\public\index.php(28): require('C:\\xamppp\\htdoc...')
#4 {main}
CRITICAL - 2022-04-12 05:02:15 --> The framework needs the following extension(s) installed and loaded: intl.
#0 C:\xamppp\htdocs\toko-api\system\CodeIgniter.php(219): CodeIgniter\Exceptions\FrameworkException::forMissingExtension('intl')
#1 C:\xamppp\htdocs\toko-api\system\CodeIgniter.php(177): CodeIgniter\CodeIgniter->resolvePlatformExtensions()
#2 C:\xamppp\htdocs\toko-api\system\bootstrap.php(146): CodeIgniter\CodeIgniter->initialize()
#3 C:\xamppp\htdocs\toko-api\public\index.php(28): require('C:\\xamppp\\htdoc...')
#4 {main}
CRITICAL - 2022-04-12 05:02:19 --> The framework needs the following extension(s) installed and loaded: intl.
#0 C:\xamppp\htdocs\toko-api\system\CodeIgniter.php(219): CodeIgniter\Exceptions\FrameworkException::forMissingExtension('intl')
#1 C:\xamppp\htdocs\toko-api\system\CodeIgniter.php(177): CodeIgniter\CodeIgniter->resolvePlatformExtensions()
#2 C:\xamppp\htdocs\toko-api\system\bootstrap.php(146): CodeIgniter\CodeIgniter->initialize()
#3 C:\xamppp\htdocs\toko-api\public\index.php(28): require('C:\\xamppp\\htdoc...')
#4 {main}
CRITICAL - 2022-04-12 05:04:03 --> The framework needs the following extension(s) installed and loaded: intl.
#0 C:\xamppp\htdocs\toko-api\system\CodeIgniter.php(219): CodeIgniter\Exceptions\FrameworkException::forMissingExtension('intl')
#1 C:\xamppp\htdocs\toko-api\system\CodeIgniter.php(177): CodeIgniter\CodeIgniter->resolvePlatformExtensions()
#2 C:\xamppp\htdocs\toko-api\system\bootstrap.php(146): CodeIgniter\CodeIgniter->initialize()
#3 C:\xamppp\htdocs\toko-api\public\index.php(28): require('C:\\xamppp\\htdoc...')
#4 {main}
CRITICAL - 2022-04-12 05:04:37 --> The framework needs the following extension(s) installed and loaded: intl.
#0 C:\xamppp\htdocs\toko-api\system\CodeIgniter.php(219): CodeIgniter\Exceptions\FrameworkException::forMissingExtension('intl')
#1 C:\xamppp\htdocs\toko-api\system\CodeIgniter.php(177): CodeIgniter\CodeIgniter->resolvePlatformExtensions()
#2 C:\xamppp\htdocs\toko-api\system\bootstrap.php(146): CodeIgniter\CodeIgniter->initialize()
#3 C:\xamppp\htdocs\toko-api\public\index.php(28): require('C:\\xamppp\\htdoc...')
#4 {main}
CRITICAL - 2022-04-12 05:05:19 --> The framework needs the following extension(s) installed and loaded: intl.
#0 C:\xamppp\htdocs\toko-api\system\CodeIgniter.php(219): CodeIgniter\Exceptions\FrameworkException::forMissingExtension('intl')
#1 C:\xamppp\htdocs\toko-api\system\CodeIgniter.php(177): CodeIgniter\CodeIgniter->resolvePlatformExtensions()
#2 C:\xamppp\htdocs\toko-api\system\bootstrap.php(146): CodeIgniter\CodeIgniter->initialize()
#3 C:\xamppp\htdocs\toko-api\public\index.php(28): require('C:\\xamppp\\htdoc...')
#4 {main}
CRITICAL - 2022-04-12 05:05:52 --> The framework needs the following extension(s) installed and loaded: intl.
#0 C:\xamppp\htdocs\toko-api\system\CodeIgniter.php(219): CodeIgniter\Exceptions\FrameworkException::forMissingExtension('intl')
#1 C:\xamppp\htdocs\toko-api\system\CodeIgniter.php(177): CodeIgniter\CodeIgniter->resolvePlatformExtensions()
#2 C:\xamppp\htdocs\toko-api\system\bootstrap.php(146): CodeIgniter\CodeIgniter->initialize()
#3 C:\xamppp\htdocs\toko-api\public\index.php(28): require('C:\\xamppp\\htdoc...')
#4 {main}
CRITICAL - 2022-04-12 05:06:04 --> The framework needs the following extension(s) installed and loaded: intl.
#0 C:\xamppp\htdocs\toko-api\system\CodeIgniter.php(219): CodeIgniter\Exceptions\FrameworkException::forMissingExtension('intl')
#1 C:\xamppp\htdocs\toko-api\system\CodeIgniter.php(177): CodeIgniter\CodeIgniter->resolvePlatformExtensions()
#2 C:\xamppp\htdocs\toko-api\system\bootstrap.php(146): CodeIgniter\CodeIgniter->initialize()
#3 C:\xamppp\htdocs\toko-api\public\index.php(28): require('C:\\xamppp\\htdoc...')
#4 {main}
CRITICAL - 2022-04-12 05:06:10 --> The framework needs the following extension(s) installed and loaded: intl.
#0 C:\xamppp\htdocs\toko-api\system\CodeIgniter.php(219): CodeIgniter\Exceptions\FrameworkException::forMissingExtension('intl')
#1 C:\xamppp\htdocs\toko-api\system\CodeIgniter.php(177): CodeIgniter\CodeIgniter->resolvePlatformExtensions()
#2 C:\xamppp\htdocs\toko-api\system\bootstrap.php(146): CodeIgniter\CodeIgniter->initialize()
#3 C:\xamppp\htdocs\toko-api\public\index.php(28): require('C:\\xamppp\\htdoc...')
#4 {main}
CRITICAL - 2022-04-12 05:06:16 --> The framework needs the following extension(s) installed and loaded: intl.
#0 C:\xamppp\htdocs\toko-api\system\CodeIgniter.php(219): CodeIgniter\Exceptions\FrameworkException::forMissingExtension('intl')
#1 C:\xamppp\htdocs\toko-api\system\CodeIgniter.php(177): CodeIgniter\CodeIgniter->resolvePlatformExtensions()
#2 C:\xamppp\htdocs\toko-api\system\bootstrap.php(146): CodeIgniter\CodeIgniter->initialize()
#3 C:\xamppp\htdocs\toko-api\public\index.php(28): require('C:\\xamppp\\htdoc...')
#4 {main}
CRITICAL - 2022-04-12 05:09:34 --> The framework needs the following extension(s) installed and loaded: intl.
#0 C:\xamppp\htdocs\toko-api\system\CodeIgniter.php(219): CodeIgniter\Exceptions\FrameworkException::forMissingExtension('intl')
#1 C:\xamppp\htdocs\toko-api\system\CodeIgniter.php(177): CodeIgniter\CodeIgniter->resolvePlatformExtensions()
#2 C:\xamppp\htdocs\toko-api\system\bootstrap.php(146): CodeIgniter\CodeIgniter->initialize()
#3 C:\xamppp\htdocs\toko-api\public\index.php(28): require('C:\\xamppp\\htdoc...')
#4 {main}
CRITICAL - 2022-04-12 05:09:50 --> The framework needs the following extension(s) installed and loaded: intl.
#0 C:\xamppp\htdocs\toko-api\system\CodeIgniter.php(219): CodeIgniter\Exceptions\FrameworkException::forMissingExtension('intl')
#1 C:\xamppp\htdocs\toko-api\system\CodeIgniter.php(177): CodeIgniter\CodeIgniter->resolvePlatformExtensions()
#2 C:\xamppp\htdocs\toko-api\system\bootstrap.php(146): CodeIgniter\CodeIgniter->initialize()
#3 C:\xamppp\htdocs\toko-api\public\index.php(28): require('C:\\xamppp\\htdoc...')
#4 {main}
CRITICAL - 2022-04-12 05:14:58 --> The framework needs the following extension(s) installed and loaded: intl.
#0 C:\xamppp\htdocs\toko-api\system\CodeIgniter.php(219): CodeIgniter\Exceptions\FrameworkException::forMissingExtension('intl')
#1 C:\xamppp\htdocs\toko-api\system\CodeIgniter.php(177): CodeIgniter\CodeIgniter->resolvePlatformExtensions()
#2 C:\xamppp\htdocs\toko-api\system\bootstrap.php(146): CodeIgniter\CodeIgniter->initialize()
#3 C:\xamppp\htdocs\toko-api\public\index.php(28): require('C:\\xamppp\\htdoc...')
#4 {main}
CRITICAL - 2022-04-12 05:29:39 --> The framework needs the following extension(s) installed and loaded: intl.
#0 C:\xamppp\htdocs\toko-api\system\CodeIgniter.php(219): CodeIgniter\Exceptions\FrameworkException::forMissingExtension('intl')
#1 C:\xamppp\htdocs\toko-api\system\CodeIgniter.php(177): CodeIgniter\CodeIgniter->resolvePlatformExtensions()
#2 C:\xamppp\htdocs\toko-api\system\bootstrap.php(146): CodeIgniter\CodeIgniter->initialize()
#3 C:\xamppp\htdocs\toko-api\public\index.php(28): require('C:\\xamppp\\htdoc...')
#4 {main}
CRITICAL - 2022-04-12 05:34:05 --> The framework needs the following extension(s) installed and loaded: intl.
#0 C:\xamppp\htdocs\toko-api\system\CodeIgniter.php(219): CodeIgniter\Exceptions\FrameworkException::forMissingExtension('intl')
#1 C:\xamppp\htdocs\toko-api\system\CodeIgniter.php(177): CodeIgniter\CodeIgniter->resolvePlatformExtensions()
#2 C:\xamppp\htdocs\toko-api\system\bootstrap.php(146): CodeIgniter\CodeIgniter->initialize()
#3 C:\xamppp\htdocs\toko-api\public\index.php(28): require('C:\\xamppp\\htdoc...')
#4 {main}
CRITICAL - 2022-04-12 05:36:24 --> The framework needs the following extension(s) installed and loaded: intl.
#0 C:\xamppp\htdocs\toko-api\system\CodeIgniter.php(219): CodeIgniter\Exceptions\FrameworkException::forMissingExtension('intl')
#1 C:\xamppp\htdocs\toko-api\system\CodeIgniter.php(177): CodeIgniter\CodeIgniter->resolvePlatformExtensions()
#2 C:\xamppp\htdocs\toko-api\system\bootstrap.php(146): CodeIgniter\CodeIgniter->initialize()
#3 C:\xamppp\htdocs\toko-api\public\index.php(28): require('C:\\xamppp\\htdoc...')
#4 {main}
CRITICAL - 2022-04-12 05:36:24 --> The framework needs the following extension(s) installed and loaded: intl.
#0 C:\xamppp\htdocs\toko-api\system\CodeIgniter.php(219): CodeIgniter\Exceptions\FrameworkException::forMissingExtension('intl')
#1 C:\xamppp\htdocs\toko-api\system\CodeIgniter.php(177): CodeIgniter\CodeIgniter->resolvePlatformExtensions()
#2 C:\xamppp\htdocs\toko-api\system\bootstrap.php(146): CodeIgniter\CodeIgniter->initialize()
#3 C:\xamppp\htdocs\toko-api\public\index.php(28): require('C:\\xamppp\\htdoc...')
#4 {main}
